====== k=5 run=1 ======
Initial processor load:
445 608 215 594 967 
Start balancing...
Finished at 112787 time, ran 1047 cycles, Processor load:
566 566 565 566 566 

====== k=5 run=2 ======
Initial processor load:
507 275 652 130 540 
Start balancing...
Finished at 113556 time, ran 1039 cycles, Processor load:
421 420 421 421 421 

====== k=5 run=3 ======
Initial processor load:
192 703 969 768 880 
Start balancing...
Finished at 116748 time, ran 1046 cycles, Processor load:
702 702 704 702 702 

====== k=5 run=4 ======
Initial processor load:
351 187 34 1000 969 
Start balancing...
Finished at 117779 time, ran 1053 cycles, Processor load:
508 508 507 508 510 

====== k=5 run=5 ======
Initial processor load:
861 503 533 483 538 
Start balancing...
Finished at 113892 time, ran 1036 cycles, Processor load:
584 584 584 583 583 

====== k=5 run=6 ======
Initial processor load:
416 412 842 384 995 
Start balancing...
Finished at 112405 time, ran 1024 cycles, Processor load:
608 610 612 610 609 

====== k=5 run=7 ======
Initial processor load:
966 677 246 500 929 
Start balancing...
Finished at 116674 time, ran 1054 cycles, Processor load:
664 663 663 664 664 

====== k=5 run=8 ======
Initial processor load:
486 992 596 239 637 
Start balancing...
Finished at 115342 time, ran 1049 cycles, Processor load:
590 592 590 589 589 

====== k=5 run=9 ======
Initial processor load:
917 824 436 615 290 
Start balancing...
Finished at 115284 time, ran 1033 cycles, Processor load:
617 617 616 616 616 

====== k=5 run=10 ======
Initial processor load:
672 788 765 709 394 
Start balancing...
Finished at 116416 time, ran 1054 cycles, Processor load:
666 666 666 665 665 

====== k=10 run=1 ======
Initial processor load:
764 819 987 610 141 643 613 299 837 372 
Start balancing...
Finished at 81167 time, ran 1467 cycles, Processor load:
610 610 610 609 608 607 607 607 608 609 

====== k=10 run=2 ======
Initial processor load:
850 176 49 567 752 920 329 539 905 788 
Start balancing...
Finished at 80545 time, ran 1475 cycles, Processor load:
587 586 585 586 587 588 589 590 589 588 

====== k=10 run=3 ======
Initial processor load:
476 345 185 523 281 876 835 775 372 457 
Start balancing...
Finished at 79253 time, ran 1449 cycles, Processor load:
510 510 510 511 513 515 517 515 513 511 

====== k=10 run=4 ======
Initial processor load:
206 971 238 539 556 306 406 423 851 902 
Start balancing...
Finished at 79979 time, ran 1458 cycles, Processor load:
542 540 539 538 537 538 538 540 542 544 

====== k=10 run=5 ======
Initial processor load:
492 739 190 27 588 774 379 87 450 899 
Start balancing...
Finished at 71286 time, ran 1332 cycles, Processor load:
463 462 461 461 461 462 463 464 464 464 

====== k=10 run=6 ======
Initial processor load:
157 791 644 337 176 757 752 894 332 334 
Start balancing...
Finished at 77715 time, ran 1406 cycles, Processor load:
516 515 516 517 518 519 519 519 518 517 

====== k=10 run=7 ======
Initial processor load:
374 71 889 786 732 543 878 229 743 20 
Start balancing...
Finished at 78590 time, ran 1433 cycles, Processor load:
524 525 527 529 531 529 527 525 524 524 

====== k=10 run=8 ======
Initial processor load:
752 436 121 971 386 199 25 557 161 965 
Start balancing...
Finished at 78414 time, ran 1449 cycles, Processor load:
459 461 459 457 456 455 455 456 457 458 

====== k=10 run=9 ======
Initial processor load:
590 228 676 962 870 21 911 175 46 870 
Start balancing...
Finished at 81865 time, ran 1475 cycles, Processor load:
533 535 537 539 537 535 534 533 533 533 

====== k=10 run=10 ======
Initial processor load:
359 504 733 147 309 825 925 831 89 715 
Start balancing...
Finished at 80616 time, ran 1474 cycles, Processor load:
541 541 542 543 544 546 548 546 544 542 

====== k=100 run=1 ======
Initial processor load:
625 857 377 149 671 652 533 193 149 398 627 752 512 342 837 459 302 76 589 927 712 595 52 553 441 856 626 203 211 575 116 446 808 493 197 593 414 611 903 638 521 402 99 743 599 808 811 60 756 952 901 319 670 760 500 384 881 625 318 218 154 89 737 988 99 382 431 772 37 140 397 15 237 664 935 398 834 980 555 1000 854 111 20 843 872 511 434 484 92 153 487 574 488 358 468 623 677 595 74 202 
Start balancing...
Finished at 495231 time, ran 90040 cycles, Processor load:
480 479 480 481 481 482 483 484 485 486 487 488 489 490 491 492 493 494 495 496 497 498 499 500 501 502 503 504 505 506 507 508 509 510 511 512 514 516 518 520 522 524 526 528 530 532 530 528 526 524 522 520 518 517 516 515 514 513 512 511 510 510 509 508 507 506 505 504 503 502 501 500 499 498 497 496 497 498 498 499 500 499 498 497 496 495 494 493 492 491 490 489 488 487 486 485 484 483 482 481 

====== k=100 run=2 ======
Initial processor load:
460 667 592 700 268 57 24 859 325 651 511 603 950 337 244 476 797 99 951 562 458 132 977 314 834 386 454 624 847 259 683 252 336 335 546 441 443 413 543 188 618 189 490 934 232 886 855 331 416 935 490 893 406 288 960 784 499 117 245 784 701 788 276 213 713 59 981 72 193 794 285 667 18 230 814 136 152 16 501 46 826 353 505 139 233 778 446 228 686 645 922 951 163 950 644 805 28 222 509 158 
Start balancing...
Finished at 773737 time, ran 140533 cycles, Processor load:
473 474 476 478 480 482 484 486 488 490 492 494 496 498 500 502 504 506 508 510 512 510 508 506 504 504 505 506 507 507 508 509 510 511 512 511 510 509 509 508 507 506 505 504 503 502 501 500 499 498 497 496 495 494 493 492 491 490 489 488 487 486 485 484 483 482 481 480 479 478 477 476 475 474 473 472 471 470 469 468 467 466 465 464 463 462 461 461 462 463 463 464 465 466 467 468 469 470 471 472 

====== k=100 run=3 ======
Initial processor load:
733 751 429 313 312 363 76 968 522 516 185 281 467 366 347 764 738 638 867 26 282 710 846 960 699 983 695 819 788 42 149 674 256 513 720 707 846 287 562 526 136 81 240 452 21 153 226 975 74 63 485 201 644 489 661 403 981 555 310 239 949 419 614 115 349 877 865 622 492 182 583 877 517 252 897 85 800 488 355 506 698 517 919 16 707 31 700 843 329 971 513 16 17 663 33 56 19 229 639 339 
Start balancing...
Finished at 723114 time, ran 131681 cycles, Processor load:
473 474 475 476 477 478 479 480 481 482 483 484 485 486 487 488 488 489 490 491 492 493 494 495 496 497 498 497 496 495 494 493 492 491 490 489 488 488 487 486 485 484 483 482 481 480 479 478 477 476 475 474 473 472 471 472 474 476 478 480 482 484 486 488 490 492 494 496 498 500 498 496 494 492 490 488 486 484 482 480 478 476 474 472 470 468 466 464 462 462 463 464 465 466 467 468 469 470 471 472 

====== k=100 run=4 ======
Initial processor load:
321 256 328 882 55 307 400 189 895 256 628 353 559 927 954 231 183 547 952 520 293 885 146 818 587 960 693 547 811 712 204 976 878 869 419 774 675 854 200 789 681 929 529 562 416 519 675 456 486 798 182 75 697 82 14 611 556 996 951 361 769 445 833 933 162 682 769 596 612 300 999 247 856 576 216 641 274 886 913 362 26 346 258 720 601 422 857 621 840 987 591 498 649 900 670 104 764 941 373 297 
Start balancing...
Finished at 735487 time, ran 133553 cycles, Processor load:
556 557 558 559 560 561 562 563 564 565 566 567 568 569 570 571 572 573 574 575 576 576 577 578 579 580 581 582 583 584 585 586 587 588 589 590 591 592 592 591 590 589 588 587 586 585 584 583 582 581 580 579 578 577 576 575 574 573 573 572 571 570 569 568 567 566 566 567 568 568 567 566 565 564 563 562 561 560 559 558 557 556 555 554 553 552 551 550 549 548 547 547 548 549 550 551 552 553 554 555 

====== k=100 run=5 ======
Initial processor load:
614 478 256 662 110 814 955 642 898 370 620 515 151 897 653 512 728 727 409 572 330 42 878 837 247 387 400 375 665 102 183 51 531 822 624 907 716 697 614 837 208 655 63 607 238 972 249 727 259 177 880 295 23 135 461 893 602 203 514 319 445 99 249 923 833 318 174 254 531 751 288 588 137 12 528 851 548 647 755 754 138 299 142 948 391 592 287 27 897 523 288 387 312 91 540 123 844 438 893 117 
Start balancing...
Finished at 597103 time, ran 108376 cycles, Processor load:
498 500 502 504 506 508 510 512 514 516 518 520 522 520 518 516 514 512 510 508 506 504 502 500 498 497 496 495 494 493 492 491 490 489 488 487 486 485 484 483 482 481 481 480 479 478 477 476 475 474 473 472 471 470 469 468 467 466 465 464 463 462 461 460 459 458 457 456 455 454 453 454 455 456 457 458 459 460 461 462 463 464 465 466 466 468 470 472 474 476 478 480 482 484 486 488 490 492 494 496 

====== k=100 run=6 ======
Initial processor load:
166 292 460 172 591 981 795 154 985 371 35 413 737 994 610 465 669 552 31 608 111 352 981 783 361 94 985 254 53 893 700 888 573 955 100 674 150 565 982 41 961 143 91 144 102 725 852 629 989 956 614 749 124 821 129 384 968 972 373 599 610 726 404 301 876 940 877 712 938 42 853 93 923 293 638 229 206 124 246 930 140 79 503 944 259 966 391 868 582 24 512 404 135 254 871 430 520 955 748 453 
Start balancing...
Finished at 578142 time, ran 105263 cycles, Processor load:
504 505 506 507 508 509 510 511 512 513 514 515 516 517 518 519 520 521 522 523 524 525 526 527 528 529 530 531 532 533 534 535 536 537 538 539 540 541 542 543 544 545 546 547 548 549 549 550 551 552 553 555 557 559 561 563 565 563 561 559 557 555 553 551 549 547 545 543 541 539 537 535 533 531 529 527 525 523 521 519 517 515 513 511 510 509 508 507 506 506 505 504 503 502 501 500 500 501 502 503 

====== k=100 run=7 ======
Initial processor load:
327 460 550 399 127 617 762 301 766 792 207 337 368 454 657 136 238 553 620 191 377 409 707 985 19 187 863 618 462 220 105 39 870 580 992 173 36 445 218 673 152 903 311 181 582 297 153 947 898 448 234 727 130 931 68 34 401 683 447 412 661 120 494 763 530 750 290 484 584 218 486 321 638 526 273 49 105 674 684 919 636 437 90 274 271 252 192 571 973 372 493 115 507 124 683 342 647 181 626 337 
Start balancing...
Finished at 191599 time, ran 34861 cycles, Processor load:
440 441 442 443 444 445 446 447 448 449 450 451 451 450 449 448 447 446 447 448 449 450 449 448 447 446 445 444 443 442 441 440 439 438 437 438 439 440 441 442 443 444 445 445 446 447 448 449 450 451 452 453 454 455 456 457 458 459 460 459 458 457 456 455 454 453 452 451 450 449 448 447 446 445 444 443 442 441 440 439 438 437 436 435 434 433 432 431 430 429 430 431 432 433 434 435 436 437 438 439 

====== k=100 run=8 ======
Initial processor load:
219 803 737 870 279 520 332 535 703 774 894 211 635 197 171 883 391 31 502 127 873 442 453 877 618 929 761 249 695 448 375 652 953 300 42 171 522 578 47 589 105 114 593 197 258 90 434 796 875 778 971 812 958 926 782 598 499 679 992 315 969 811 75 205 169 846 859 99 985 290 997 120 526 992 132 235 640 440 588 591 86 354 40 698 405 258 802 834 103 782 79 263 990 360 275 793 845 701 527 837 
Start balancing...
Finished at 652170 time, ran 118653 cycles, Processor load:
527 528 529 530 529 528 527 526 525 524 523 522 521 520 519 518 517 516 515 514 513 512 512 513 514 515 516 517 518 519 520 521 522 523 524 525 525 526 527 528 529 530 531 532 533 534 535 536 537 538 539 540 541 542 543 544 545 546 547 546 545 544 543 542 541 540 539 538 537 536 535 534 533 532 531 531 530 529 528 527 526 525 524 523 522 521 520 519 518 517 517 518 519 520 521 522 523 524 525 526 

====== k=100 run=9 ======
Initial processor load:
492 547 632 330 583 528 80 348 749 414 960 400 663 394 959 544 460 817 323 667 796 397 718 375 974 823 740 897 560 609 817 383 701 827 804 336 103 934 927 745 34 311 206 635 958 221 854 519 784 984 775 133 511 678 780 805 928 46 261 826 851 460 109 205 782 416 498 424 73 382 462 595 761 981 249 698 321 272 595 771 123 924 194 556 386 47 583 695 732 824 950 538 147 158 213 578 573 875 263 952 
Start balancing...
Finished at 940811 time, ran 170757 cycles, Processor load:
554 555 556 557 558 559 560 561 562 563 564 565 566 567 568 569 569 570 571 572 573 574 575 576 577 578 580 582 584 586 584 582 580 579 578 577 576 575 574 573 572 571 570 569 568 567 566 565 564 563 562 561 560 559 558 557 556 555 555 554 553 552 551 550 549 548 547 546 545 544 543 542 541 540 539 538 537 536 535 534 534 535 536 537 538 539 540 541 542 543 544 545 546 547 548 549 550 551 552 553 

====== k=100 run=10 ======
Initial processor load:
51 182 99 848 847 26 316 801 910 614 347 354 196 956 724 222 89 213 659 469 79 495 702 659 890 167 504 748 406 730 280 363 751 475 95 905 887 488 632 667 356 225 803 486 612 275 104 188 141 254 587 328 494 999 890 114 436 563 238 906 253 669 746 192 969 572 531 965 174 140 106 767 42 707 367 57 731 895 510 353 459 501 804 472 897 499 837 471 584 85 728 967 787 924 884 243 659 790 146 377 
Start balancing...
Finished at 472314 time, ran 85645 cycles, Processor load:
517 515 513 511 509 507 505 503 501 499 499 498 497 496 495 494 493 492 491 490 489 490 492 494 496 498 500 502 504 506 508 510 508 506 504 502 500 498 496 494 492 490 488 486 484 485 486 487 488 489 490 491 492 493 494 495 496 497 498 499 499 500 501 502 503 504 505 506 507 508 509 511 513 515 517 519 521 523 525 527 529 531 533 535 537 539 541 543 541 539 537 535 533 531 529 527 525 523 521 519 

