====== k=5 run=1 ======
Initial processor load:
890 643 210 749 277 
Start balancing...
System is steady – no further transfers possible.
System Balanced (ε = 2): YES.
Finished at time: 5369, Processor load:
555 554 553 553 554 

====== k=5 run=2 ======
Initial processor load:
720 625 902 967 970 
Start balancing...
System is steady – no further transfers possible.
System Balanced (ε = 2): NO.
Finished at time: 5392, Processor load:
836 835 837 839 837 

====== k=5 run=3 ======
Initial processor load:
225 677 781 16 285 
Start balancing...
System is steady – no further transfers possible.
System Balanced (ε = 2): NO.
Finished at time: 5713, Processor load:
397 399 397 396 395 

====== k=5 run=4 ======
Initial processor load:
711 741 840 158 183 
Start balancing...
System is steady – no further transfers possible.
System Balanced (ε = 2): YES.
Finished at time: 6554, Processor load:
526 527 527 527 526 

====== k=5 run=5 ======
Initial processor load:
994 574 358 354 97 
Start balancing...
System is steady – no further transfers possible.
System Balanced (ε = 2): YES.
Finished at time: 5655, Processor load:
477 475 475 475 475 

====== k=5 run=6 ======
Initial processor load:
578 336 162 742 506 
Start balancing...
System is steady – no further transfers possible.
System Balanced (ε = 2): YES.
Finished at time: 4481, Processor load:
465 464 464 465 466 

====== k=5 run=7 ======
Initial processor load:
938 767 475 703 658 
Start balancing...
System is steady – no further transfers possible.
System Balanced (ε = 2): NO.
Finished at time: 6371, Processor load:
710 708 707 708 708 

====== k=5 run=8 ======
Initial processor load:
12 589 429 181 524 
Start balancing...
System is steady – no further transfers possible.
System Balanced (ε = 2): YES.
Finished at time: 6871, Processor load:
347 348 347 347 346 

====== k=5 run=9 ======
Initial processor load:
162 160 525 396 879 
Start balancing...
System is steady – no further transfers possible.
System Balanced (ε = 2): YES.
Finished at time: 7280, Processor load:
424 424 424 424 426 

====== k=5 run=10 ======
Initial processor load:
475 997 537 128 160 
Start balancing...
System is steady – no further transfers possible.
System Balanced (ε = 2): YES.
Finished at time: 7133, Processor load:
459 460 460 459 459 

====== k=10 run=1 ======
Initial processor load:
533 164 783 368 624 779 79 925 58 254 
Start balancing...
System is steady – no further transfers possible.
System Balanced (ε = 2): NO.
Finished at time: 20809, Processor load:
454 455 457 459 461 459 457 456 455 454 

====== k=10 run=2 ======
Initial processor load:
51 455 826 183 765 89 857 803 845 159 
Start balancing...
System is steady – no further transfers possible.
System Balanced (ε = 2): NO.
Finished at time: 24533, Processor load:
500 500 501 502 504 506 508 506 504 502 

====== k=10 run=3 ======
Initial processor load:
184 43 651 576 129 117 301 679 490 775 
Start balancing...
System is steady – no further transfers possible.
System Balanced (ε = 2): NO.
Finished at time: 20517, Processor load:
397 395 393 391 392 393 393 395 397 399 

====== k=10 run=4 ======
Initial processor load:
545 966 135 544 659 965 326 758 352 788 
Start balancing...
System is steady – no further transfers possible.
System Balanced (ε = 2): NO.
Finished at time: 19965, Processor load:
602 602 601 602 604 606 608 606 604 603 

====== k=10 run=5 ======
Initial processor load:
760 51 779 908 74 601 756 272 63 238 
Start balancing...
System is steady – no further transfers possible.
System Balanced (ε = 2): YES.
Finished at time: 27274, Processor load:
450 451 451 452 451 451 450 449 448 449 

====== k=10 run=6 ======
Initial processor load:
47 53 141 900 507 852 644 873 586 170 
Start balancing...
System is steady – no further transfers possible.
System Balanced (ε = 2): NO.
Finished at time: 29308, Processor load:
474 474 476 478 480 482 480 478 476 475 

====== k=10 run=7 ======
Initial processor load:
477 619 165 522 929 561 56 224 81 698 
Start balancing...
System is steady – no further transfers possible.
System Balanced (ε = 2): YES.
Finished at time: 25985, Processor load:
433 434 435 435 434 433 432 432 432 432 

====== k=10 run=8 ======
Initial processor load:
10 828 414 491 392 529 395 227 462 802 
Start balancing...
System is steady – no further transfers possible.
System Balanced (ε = 2): YES.
Finished at time: 21949, Processor load:
455 456 457 456 455 455 454 453 454 455 

====== k=10 run=9 ======
Initial processor load:
134 95 214 132 533 989 488 944 157 895 
Start balancing...
System is steady – no further transfers possible.
System Balanced (ε = 2): NO.
Finished at time: 27879, Processor load:
457 455 454 455 457 459 461 463 461 459 

====== k=10 run=10 ======
Initial processor load:
184 207 238 68 608 859 421 292 429 742 
Start balancing...
System is steady – no further transfers possible.
System Balanced (ε = 2): YES.
Finished at time: 27040, Processor load:
404 403 404 404 405 406 407 406 405 404 

====== k=100 run=1 ======
Initial processor load:
266 17 338 103 485 321 219 378 920 145 600 876 130 214 396 143 516 633 793 970 146 545 249 250 195 529 930 913 696 902 311 211 132 139 39 660 335 990 533 733 561 972 603 19 478 848 370 75 362 875 250 34 677 618 722 396 550 242 719 910 108 913 284 951 129 964 306 412 481 129 318 944 819 478 373 670 613 408 38 470 129 985 368 345 886 979 447 998 576 270 800 879 982 245 581 636 85 594 485 229 
Start balancing...
System is steady – no further transfers possible.
System Balanced (ε = 2): NO.
Finished at time: 756981, Processor load:
489 488 487 486 485 484 483 482 481 480 479 478 477 476 475 474 473 472 471 470 469 470 471 472 473 474 475 476 477 478 479 480 481 482 483 484 485 486 487 488 489 490 491 492 493 494 495 496 496 497 498 500 502 504 506 508 510 512 514 516 518 520 522 520 520 521 522 521 520 519 518 517 516 515 514 513 512 511 510 509 508 507 507 506 505 504 503 502 501 500 499 498 497 496 495 494 493 492 491 490 

====== k=100 run=2 ======
Initial processor load:
104 54 993 301 477 929 188 720 520 345 704 893 103 962 824 579 239 791 53 796 59 614 474 893 418 462 594 495 347 132 968 34 272 375 845 304 363 77 188 235 667 655 509 415 73 484 708 184 271 753 188 946 902 783 920 623 173 783 885 987 726 457 916 349 649 291 617 314 196 544 51 170 433 354 609 734 279 704 759 371 91 181 826 162 519 595 853 764 176 540 917 578 400 327 271 504 755 518 629 69 
Start balancing...
System is steady – no further transfers possible.
System Balanced (ε = 2): YES.
Finished at time: 616386, Processor load:
498 499 500 501 501 500 499 498 497 496 495 494 493 492 491 490 489 488 487 486 485 484 483 482 482 483 484 485 486 487 488 489 490 491 492 492 493 494 495 496 497 498 499 500 501 502 503 504 505 506 507 508 509 510 511 512 513 514 515 516 517 517 516 515 514 513 512 511 510 509 508 507 506 505 505 504 503 502 501 500 499 498 497 496 495 494 493 492 491 490 489 489 490 491 492 493 494 495 496 497 

====== k=100 run=3 ======
Initial processor load:
817 381 804 885 297 461 140 79 824 973 330 441 175 329 552 758 944 760 675 703 172 97 159 670 67 572 660 291 271 888 619 180 199 778 989 774 582 923 965 651 233 825 171 133 664 713 82 312 238 604 508 847 185 288 829 117 98 359 986 629 441 399 172 252 259 95 170 314 700 953 469 526 940 754 305 520 715 195 87 223 230 40 240 673 875 405 633 837 744 912 964 721 808 501 289 637 22 838 481 130 
Start balancing...
System is steady – no further transfers possible.
System Balanced (ε = 2): YES.
Finished at time: 753780, Processor load:
520 521 522 523 524 525 524 523 522 522 521 520 519 518 517 516 515 514 513 512 511 511 510 509 508 507 506 505 504 503 502 502 501 500 499 498 497 496 495 494 493 492 491 490 489 488 487 486 485 484 483 482 481 480 479 478 477 478 479 480 481 482 483 484 485 486 487 488 489 490 491 492 493 494 494 495 496 497 498 499 500 501 502 503 504 505 506 507 508 509 510 511 512 513 514 515 516 517 518 519 

====== k=100 run=4 ======
Initial processor load:
629 908 520 76 767 601 912 99 549 326 923 374 501 990 307 987 665 21 73 679 721 156 177 485 18 384 774 384 955 81 54 134 430 831 223 739 203 983 130 555 214 17 102 721 701 308 328 400 45 188 154 140 281 186 526 999 607 186 343 223 636 725 890 180 814 184 222 775 842 363 629 565 314 871 117 628 83 175 936 888 118 655 791 292 326 467 475 648 242 372 80 560 811 584 16 964 949 915 515 371 
Start balancing...
Reached MAX_TIME
System Balanced (ε = 2): NO.
Finished at time: 1000000, Processor load:
504 502 500 498 496 494 492 490 488 486 484 482 480 478 476 474 472 470 468 466 464 462 460 458 456 454 453 452 451 450 449 448 447 446 445 444 443 442 441 440 439 439 438 439 440 441 442 443 444 444 447 447 449 450 451 452 453 456 456 458 460 461 461 463 464 466 467 467 469 469 470 471 472 473 474 475 476 477 478 479 480 482 484 486 488 490 492 494 496 498 500 502 504 506 508 510 512 510 508 506 

====== k=100 run=5 ======
Initial processor load:
181 810 727 40 270 838 489 273 734 635 63 963 941 606 422 159 696 139 286 650 135 12 530 464 422 497 500 989 677 690 629 159 744 163 916 44 290 132 728 73 100 562 488 498 612 199 963 971 573 726 927 997 222 494 131 558 65 280 137 123 424 916 598 92 488 649 984 98 711 145 87 53 280 622 559 614 516 359 884 273 196 254 504 375 341 515 671 497 818 816 322 818 427 409 32 150 1000 858 675 185 
Start balancing...
System is steady – no further transfers possible.
System Balanced (ε = 2): YES.
Finished at time: 450382, Processor load:
490 491 492 493 493 492 491 490 489 488 487 486 485 484 483 482 481 480 479 478 477 476 475 474 473 472 472 471 471 472 473 474 475 476 477 478 479 480 481 482 482 481 480 479 478 477 476 475 474 473 472 471 470 469 468 468 467 466 465 464 463 462 461 460 459 458 457 458 459 460 461 462 463 464 465 466 467 468 469 470 471 472 473 474 475 476 477 478 479 480 481 482 483 484 485 486 487 488 488 489 

====== k=100 run=6 ======
Initial processor load:
74 745 792 597 991 677 304 324 238 538 848 158 303 571 860 335 551 634 166 330 320 309 790 245 417 669 383 660 769 261 421 30 603 772 352 853 98 223 252 374 699 860 275 695 218 140 1000 538 751 831 401 702 313 836 841 630 188 557 477 957 196 262 716 267 99 506 717 917 590 991 898 437 577 999 704 208 519 32 718 638 792 245 809 944 382 296 31 824 131 121 723 662 716 413 389 656 652 626 990 795 
Start balancing...
System is steady – no further transfers possible.
System Balanced (ε = 2): NO.
Finished at time: 633577, Processor load:
527 526 525 524 523 522 521 520 519 518 517 516 515 514 513 512 511 510 510 509 508 507 506 505 504 503 502 501 500 499 498 497 498 499 500 501 503 505 507 509 511 513 515 517 519 521 523 525 527 529 531 533 535 537 539 541 543 545 547 549 551 553 555 557 559 561 563 565 567 569 567 565 563 561 559 557 555 553 551 549 547 546 545 544 543 542 541 540 539 538 537 536 535 534 533 532 531 530 529 528 

====== k=100 run=7 ======
Initial processor load:
247 108 990 425 83 822 942 839 591 693 780 771 30 240 425 854 964 294 99 492 388 541 23 849 125 217 402 141 671 79 841 225 822 703 686 551 967 340 930 531 667 886 663 427 857 366 835 970 559 566 335 255 667 228 710 118 434 850 489 366 711 512 772 670 622 42 289 195 809 19 109 310 67 97 896 830 122 97 290 213 930 797 470 632 342 212 236 964 141 777 919 57 415 914 839 23 309 923 738 984 
Start balancing...
System is steady – no further transfers possible.
System Balanced (ε = 2): YES.
Finished at time: 859066, Processor load:
512 513 514 515 516 517 518 519 520 521 521 522 523 524 523 522 522 523 524 525 526 527 528 529 530 531 532 533 534 535 535 534 533 532 531 530 529 528 527 526 525 524 523 522 521 520 519 518 517 516 515 514 513 512 511 510 509 508 507 506 505 504 503 502 501 500 499 498 497 496 495 494 493 492 491 490 489 489 490 491 492 493 494 495 496 497 498 499 500 501 502 503 504 505 506 507 508 509 510 511 

====== k=100 run=8 ======
Initial processor load:
729 755 752 962 982 443 656 406 793 369 659 470 920 726 11 454 757 253 84 838 197 846 467 379 363 140 760 401 196 321 399 864 441 655 267 48 241 766 605 426 351 447 103 727 432 945 280 968 393 226 60 51 148 458 419 647 846 808 399 696 49 121 916 498 647 374 969 457 690 275 204 806 474 925 615 162 206 910 820 836 590 110 614 611 878 871 266 68 757 70 81 962 955 337 224 187 372 830 313 279 
Start balancing...
System is steady – no further transfers possible.
System Balanced (ε = 2): YES.
Finished at time: 867585, Processor load:
520 519 518 517 516 515 514 514 513 512 511 510 509 508 507 506 505 504 503 502 501 500 499 498 497 496 495 494 493 492 491 490 489 488 487 486 485 484 483 482 481 481 482 483 484 485 486 487 488 489 490 491 492 493 494 495 496 497 498 499 500 501 502 503 504 505 506 507 508 509 510 511 512 513 514 515 516 517 518 519 520 521 522 523 524 525 526 527 528 529 530 529 528 527 526 525 524 523 522 521 

====== k=100 run=9 ======
Initial processor load:
678 539 284 392 753 593 537 165 754 563 178 52 337 707 991 219 515 430 856 655 233 83 774 371 501 245 407 134 178 410 480 775 314 251 953 767 89 884 494 327 124 600 317 723 34 69 220 957 453 683 49 529 705 449 134 129 274 238 913 13 552 909 844 233 18 639 772 122 47 143 274 357 450 588 951 767 78 212 17 155 288 541 420 995 161 566 336 431 913 85 24 834 464 473 940 956 349 746 565 684 
Start balancing...
System is steady – no further transfers possible.
System Balanced (ε = 2): YES.
Finished at time: 906269, Processor load:
474 475 476 477 478 477 476 475 474 473 472 472 471 470 469 468 467 466 465 464 463 462 461 460 459 458 457 456 455 454 453 452 451 450 449 448 447 446 445 444 443 442 441 440 439 438 437 436 435 434 433 432 431 430 429 430 431 432 433 434 435 436 437 438 439 440 441 442 443 444 445 446 447 448 449 450 451 452 453 454 455 456 457 458 459 460 461 462 463 464 465 465 466 467 468 469 470 471 472 473 

====== k=100 run=10 ======
Initial processor load:
874 360 449 646 843 927 313 152 92 407 596 305 77 533 121 718 310 768 336 198 893 117 773 425 561 311 451 458 335 395 665 377 648 661 27 99 442 61 925 537 768 578 912 674 485 108 639 61 89 208 38 953 963 152 427 787 463 350 859 559 29 429 601 882 660 201 324 574 104 119 342 653 206 117 484 866 791 108 712 18 538 998 300 606 756 384 35 831 966 755 81 890 852 200 967 404 878 302 909 40 
Start balancing...
System is steady – no further transfers possible.
System Balanced (ε = 2): YES.
Finished at time: 789630, Processor load:
496 495 494 493 492 491 490 489 488 487 486 485 484 483 482 481 480 479 478 477 476 475 474 473 472 471 470 469 468 467 466 465 465 464 463 462 461 461 462 463 464 465 466 467 468 467 466 465 465 466 466 467 468 469 470 471 472 473 474 475 476 477 478 479 480 481 482 483 484 485 486 487 488 489 490 491 492 493 494 495 496 497 498 499 500 501 502 503 504 505 506 505 504 503 502 501 500 499 498 497 

